<?xml version="1.0" encoding="UTF-8"?>
<!-- Generated by org.testng.reporters.JUnitReportReporter -->
<testsuite hostname="Vipuls-MacBook-Air.local" failures="0" tests="4" name="SeleniumBasics.S_68_ExcelOperations" time="0.006" errors="0" timestamp="2023-05-18T16:32:06 IST" skipped="0">
  <testcase classname="SeleniumBasics.S_68_ExcelOperations" name="employeeDetails" time="0.000"/>
  <system-out/>
  <testcase classname="SeleniumBasics.S_68_ExcelOperations" name="employeeDetails" time="0.001"/>
  <system-out/>
  <testcase classname="SeleniumBasics.S_68_ExcelOperations" name="employeeDetails" time="0.004"/>
  <system-out/>
  <testcase classname="SeleniumBasics.S_68_ExcelOperations" name="employeeDetails" time="0.001"/>
  <system-out/>
</testsuite> <!-- SeleniumBasics.S_68_ExcelOperations -->
