<?xml version="1.0" encoding="UTF-8"?>
<!-- Generated by org.testng.reporters.JUnitReportReporter -->
<testsuite hostname="Vipuls-MacBook-Air.local" failures="0" tests="2" name="TestNGConcepts.T_09_DataProvider" time="0.004" errors="0" timestamp="2023-05-24T08:18:52 IST" skipped="0">
  <testcase classname="TestNGConcepts.T_09_DataProvider" name="PrintNumbers" time="0.001"/>
  <system-out/>
  <testcase classname="TestNGConcepts.T_09_DataProvider" name="PrintNumbers" time="0.003"/>
  <system-out/>
</testsuite> <!-- TestNGConcepts.T_09_DataProvider -->
