<?xml version="1.0" encoding="UTF-8"?>
<!-- Generated by org.testng.reporters.JUnitReportReporter -->
<testsuite hostname="Vipuls-MacBook-Air.local" failures="0" tests="1" name="AppTest.OpenCartTest" time="0.543" errors="0" timestamp="2023-05-12T11:13:44 IST" skipped="0">
  <testcase classname="AppTest.OpenCartTest" name="urlTest" time="0.543"/>
  <system-out/>
</testsuite> <!-- AppTest.OpenCartTest -->
