<?xml version="1.0" encoding="UTF-8"?>
<!-- Generated by org.testng.reporters.JUnitReportReporter -->
<testsuite hostname="Vipuls-MacBook-Air.local" failures="0" tests="3" name="TestNGConcepts.T_11_DataProviderExample" time="0.009" errors="0" timestamp="2023-05-24T08:17:09 IST" skipped="0">
  <testcase classname="TestNGConcepts.T_11_DataProviderExample" name="Studentregistration" time="0.007"/>
  <system-out/>
  <testcase classname="TestNGConcepts.T_11_DataProviderExample" name="Studentregistration" time="0.001"/>
  <system-out/>
  <testcase classname="TestNGConcepts.T_11_DataProviderExample" name="Studentregistration" time="0.001"/>
  <system-out/>
</testsuite> <!-- TestNGConcepts.T_11_DataProviderExample -->
