<?xml version="1.0" encoding="UTF-8"?>
<!-- Generated by org.testng.reporters.JUnitReportReporter -->
<testsuite hostname="Vipuls-MacBook-Air.local" failures="0" tests="1" name="AppTest.GoogleTest" time="0.146" errors="0" timestamp="2023-05-12T11:13:44 IST" skipped="0">
  <testcase classname="AppTest.GoogleTest" name="searchFieldTest" time="0.146"/>
  <system-out/>
</testsuite> <!-- AppTest.GoogleTest -->
