<?xml version="1.0" encoding="UTF-8"?>
<!-- Generated by org.testng.reporters.JUnitReportReporter -->
<testsuite hostname="Vipuls-MacBook-Air.local" failures="0" tests="1" name="AppTest.OrangeHRMTest" time="0.114" errors="0" timestamp="2023-05-12T11:13:44 IST" skipped="0">
  <testcase classname="AppTest.OrangeHRMTest" name="urlTest" time="0.114"/>
  <system-out/>
</testsuite> <!-- AppTest.OrangeHRMTest -->
