<?xml version="1.0" encoding="UTF-8"?>
<!-- Generated by org.testng.reporters.JUnitReportReporter -->
<testsuite hostname="Vipuls-MacBook-Air.local" failures="0" tests="1" name="TestNGConcepts.T_06_ExpectedExceptionsConcept" time="0.005" errors="0" timestamp="2023-05-10T20:32:58 IST" skipped="0">
  <testcase classname="TestNGConcepts.T_06_ExpectedExceptionsConcept" name="loginTest" time="0.005"/>
  <system-out/>
</testsuite> <!-- TestNGConcepts.T_06_ExpectedExceptionsConcept -->
