<?xml version="1.0" encoding="UTF-8"?>
<!-- Generated by org.testng.reporters.JUnitReportReporter -->
<testsuite hostname="Vipuls-MacBook-Air.local" failures="0" tests="4" name="SeleniumBasics.S_67_ExcelOperations" time="0.005" errors="0" timestamp="2023-05-12T16:13:26 IST" skipped="0">
  <testcase classname="SeleniumBasics.S_67_ExcelOperations" name="employeeDetails" time="0.001"/>
  <system-out/>
  <testcase classname="SeleniumBasics.S_67_ExcelOperations" name="employeeDetails" time="0.001"/>
  <system-out/>
  <testcase classname="SeleniumBasics.S_67_ExcelOperations" name="employeeDetails" time="0.003"/>
  <system-out/>
  <testcase classname="SeleniumBasics.S_67_ExcelOperations" name="employeeDetails" time="0.000"/>
  <system-out/>
</testsuite> <!-- SeleniumBasics.S_67_ExcelOperations -->
